2022-08-24 18:44:29,750 PackGen [DEBUG] [35mformPacket[0m
2022-08-24 18:44:29,750 PackGen [DEBUG] [35msend_packet[0m
2022-08-24 18:44:29,750 PackGen [WARNING] [33m[-] Connection Failed![0m
2022-08-24 18:44:29,750 PackGen [ERROR] [31mSending Failed![0m
2022-08-24 18:46:51,928 PackGen [DEBUG] [35mformPacket[0m
2022-08-24 18:46:51,928 PackGen [DEBUG] [35msend_packet[0m
2022-08-24 18:46:51,928 PackGen [WARNING] [33m[-] Connection Failed![0m
2022-08-24 18:46:51,928 PackGen [ERROR] [31mSending Failed![0m
2022-08-24 18:48:55,808 PackGen [DEBUG] [35mformPacket[0m
2022-08-24 18:48:55,808 PackGen [DEBUG] [35msend_packet[0m
2022-08-24 18:48:55,809 PackGen [WARNING] [33m[-] Connection Failed![0m
2022-08-24 18:48:55,809 PackGen [ERROR] [31mSending Failed![0m
2022-08-24 18:48:55,809 PackGen [WARNING] [33m[-] Connection Failed![0m
2022-08-24 18:48:55,809 PackGen [DEBUG] [35msend_packet[0m
2022-08-24 18:48:55,809 PackGen [WARNING] [33m[-] Connection Failed![0m
2022-08-24 18:48:55,809 PackGen [ERROR] [31mSending Failed![0m
2022-08-24 18:48:55,809 PackGen [WARNING] [33m[-] Connection Failed![0m
2022-08-24 18:48:55,809 PackGen [DEBUG] [35msend_packet[0m
2022-08-24 18:48:55,809 PackGen [WARNING] [33m[-] Connection Failed![0m
2022-08-24 18:48:55,809 PackGen [ERROR] [31mSending Failed![0m
2022-08-24 18:48:55,809 PackGen [WARNING] [33m[-] Connection Failed![0m
2022-08-24 18:48:55,809 PackGen [DEBUG] [35msend_packet[0m
2022-08-24 18:48:55,809 PackGen [WARNING] [33m[-] Connection Failed![0m
2022-08-24 18:48:55,809 PackGen [ERROR] [31mSending Failed![0m
2022-08-24 18:48:55,809 PackGen [WARNING] [33m[-] Connection Failed![0m
2022-08-24 18:48:55,810 PackGen [DEBUG] [35msend_packet[0m
2022-08-24 18:48:55,810 PackGen [WARNING] [33m[-] Connection Failed![0m
2022-08-24 18:48:55,810 PackGen [ERROR] [31mSending Failed![0m
2022-08-24 18:48:55,810 PackGen [WARNING] [33m[-] Connection Failed![0m
2022-08-24 18:48:55,810 PackGen [DEBUG] [35msend_packet[0m
2022-08-24 18:48:55,810 PackGen [WARNING] [33m[-] Connection Failed![0m
2022-08-24 18:48:55,810 PackGen [ERROR] [31mSending Failed![0m
2022-08-24 18:48:55,810 PackGen [WARNING] [33m[-] Connection Failed![0m
2022-08-24 18:48:55,810 PackGen [DEBUG] [35msend_packet[0m
2022-08-24 18:48:55,810 PackGen [WARNING] [33m[-] Connection Failed![0m
2022-08-24 18:48:55,810 PackGen [ERROR] [31mSending Failed![0m
2022-08-24 18:48:55,810 PackGen [WARNING] [33m[-] Connection Failed![0m
2022-08-24 18:48:55,810 PackGen [DEBUG] [35msend_packet[0m
2022-08-24 18:48:55,810 PackGen [WARNING] [33m[-] Connection Failed![0m
2022-08-24 18:48:55,810 PackGen [ERROR] [31mSending Failed![0m
2022-08-24 18:48:55,810 PackGen [WARNING] [33m[-] Connection Failed![0m
2022-08-24 18:48:55,811 PackGen [DEBUG] [35msend_packet[0m
2022-08-24 18:48:55,811 PackGen [WARNING] [33m[-] Connection Failed![0m
2022-08-24 18:48:55,811 PackGen [ERROR] [31mSending Failed![0m
2022-08-24 18:48:55,811 PackGen [WARNING] [33m[-] Connection Failed![0m
2022-08-24 18:48:55,811 PackGen [DEBUG] [35msend_packet[0m
2022-08-24 18:48:55,811 PackGen [WARNING] [33m[-] Connection Failed![0m
2022-08-24 18:48:55,811 PackGen [ERROR] [31mSending Failed![0m
2022-08-24 18:48:55,811 PackGen [WARNING] [33m[-] Connection Failed![0m
2022-08-24 18:48:55,811 PackGen [DEBUG] [35msend_packet[0m
2022-08-24 18:48:55,811 PackGen [WARNING] [33m[-] Connection Failed![0m
2022-08-24 18:48:55,811 PackGen [ERROR] [31mSending Failed![0m
2022-08-24 18:48:55,811 PackGen [WARNING] [33m[-] Connection Failed![0m
2022-08-24 18:48:55,811 PackGen [DEBUG] [35msend_packet[0m
2022-08-24 18:48:55,811 PackGen [WARNING] [33m[-] Connection Failed![0m
2022-08-24 18:48:55,811 PackGen [ERROR] [31mSending Failed![0m
2022-08-24 18:48:55,811 PackGen [WARNING] [33m[-] Connection Failed![0m
2022-08-24 18:48:55,812 PackGen [DEBUG] [35msend_packet[0m
2022-08-24 18:48:55,812 PackGen [WARNING] [33m[-] Connection Failed![0m
2022-08-24 18:48:55,812 PackGen [ERROR] [31mSending Failed![0m
2022-08-24 18:48:55,812 PackGen [WARNING] [33m[-] Connection Failed![0m
2022-08-24 18:48:55,812 PackGen [DEBUG] [35msend_packet[0m
2022-08-24 18:48:55,812 PackGen [WARNING] [33m[-] Connection Failed![0m
2022-08-24 18:48:55,812 PackGen [ERROR] [31mSending Failed![0m
2022-08-24 18:48:55,812 PackGen [WARNING] [33m[-] Connection Failed![0m
2022-08-24 18:48:55,812 PackGen [DEBUG] [35msend_packet[0m
2022-08-24 18:48:55,812 PackGen [WARNING] [33m[-] Connection Failed![0m
2022-08-24 18:48:55,812 PackGen [ERROR] [31mSending Failed![0m
2022-08-24 18:48:55,812 PackGen [WARNING] [33m[-] Connection Failed![0m
2022-08-24 18:48:55,812 PackGen [DEBUG] [35msend_packet[0m
2022-08-24 18:48:55,812 PackGen [WARNING] [33m[-] Connection Failed![0m
2022-08-24 18:48:55,812 PackGen [ERROR] [31mSending Failed![0m
2022-08-24 18:48:55,812 PackGen [WARNING] [33m[-] Connection Failed![0m
2022-08-24 18:48:55,813 PackGen [DEBUG] [35msend_packet[0m
2022-08-24 18:48:55,813 PackGen [WARNING] [33m[-] Connection Failed![0m
2022-08-24 18:48:55,813 PackGen [ERROR] [31mSending Failed![0m
2022-08-24 18:48:55,813 PackGen [WARNING] [33m[-] Connection Failed![0m
2022-08-24 18:48:55,813 PackGen [DEBUG] [35msend_packet[0m
2022-08-24 18:48:55,813 PackGen [WARNING] [33m[-] Connection Failed![0m
2022-08-24 18:48:55,813 PackGen [ERROR] [31mSending Failed![0m
2022-08-24 18:48:55,813 PackGen [WARNING] [33m[-] Connection Failed![0m
2022-08-24 18:48:55,813 PackGen [DEBUG] [35msend_packet[0m
2022-08-24 18:48:55,813 PackGen [WARNING] [33m[-] Connection Failed![0m
2022-08-24 18:48:55,813 PackGen [ERROR] [31mSending Failed![0m
2022-08-24 18:48:55,813 PackGen [WARNING] [33m[-] Connection Failed![0m
2022-08-24 18:48:55,813 PackGen [DEBUG] [35msend_packet[0m
2022-08-24 18:48:55,813 PackGen [WARNING] [33m[-] Connection Failed![0m
2022-08-24 18:48:55,813 PackGen [ERROR] [31mSending Failed![0m
2022-08-24 18:48:55,813 PackGen [WARNING] [33m[-] Connection Failed![0m
2022-08-24 18:48:55,814 PackGen [DEBUG] [35msend_packet[0m
2022-08-24 18:48:55,814 PackGen [WARNING] [33m[-] Connection Failed![0m
2022-08-24 18:48:55,814 PackGen [ERROR] [31mSending Failed![0m
2022-08-24 18:48:55,814 PackGen [WARNING] [33m[-] Connection Failed![0m
2022-08-24 18:48:55,814 PackGen [DEBUG] [35msend_packet[0m
2022-08-24 18:48:55,814 PackGen [WARNING] [33m[-] Connection Failed![0m
2022-08-24 18:48:55,814 PackGen [ERROR] [31mSending Failed![0m
2022-08-24 18:48:55,814 PackGen [WARNING] [33m[-] Connection Failed![0m
2022-08-24 18:48:55,814 PackGen [DEBUG] [35msend_packet[0m
2022-08-24 18:48:55,814 PackGen [WARNING] [33m[-] Connection Failed![0m
2022-08-24 18:48:55,814 PackGen [ERROR] [31mSending Failed![0m
2022-08-24 18:48:55,814 PackGen [WARNING] [33m[-] Connection Failed![0m
2022-08-24 18:48:55,814 PackGen [DEBUG] [35msend_packet[0m
2022-08-24 18:48:55,814 PackGen [WARNING] [33m[-] Connection Failed![0m
2022-08-24 18:48:55,814 PackGen [ERROR] [31mSending Failed![0m
2022-08-24 18:48:55,814 PackGen [WARNING] [33m[-] Connection Failed![0m
2022-08-24 18:48:55,814 PackGen [DEBUG] [35msend_packet[0m
2022-08-24 18:48:55,815 PackGen [WARNING] [33m[-] Connection Failed![0m
2022-08-24 18:48:55,815 PackGen [ERROR] [31mSending Failed![0m
2022-08-24 18:48:55,815 PackGen [WARNING] [33m[-] Connection Failed![0m
2022-08-24 18:48:55,815 PackGen [DEBUG] [35msend_packet[0m
2022-08-24 18:48:55,815 PackGen [WARNING] [33m[-] Connection Failed![0m
2022-08-24 18:48:55,815 PackGen [ERROR] [31mSending Failed![0m
2022-08-24 18:48:55,815 PackGen [WARNING] [33m[-] Connection Failed![0m
2022-08-24 18:48:55,815 PackGen [DEBUG] [35msend_packet[0m
2022-08-24 18:48:55,815 PackGen [WARNING] [33m[-] Connection Failed![0m
2022-08-24 18:48:55,815 PackGen [ERROR] [31mSending Failed![0m
2022-08-24 18:48:55,815 PackGen [WARNING] [33m[-] Connection Failed![0m
2022-08-24 18:48:55,815 PackGen [DEBUG] [35msend_packet[0m
2022-08-24 18:48:55,816 PackGen [WARNING] [33m[-] Connection Failed![0m
2022-08-24 18:48:55,816 PackGen [ERROR] [31mSending Failed![0m
2022-08-24 18:48:55,816 PackGen [WARNING] [33m[-] Connection Failed![0m
2022-08-24 18:48:55,816 PackGen [DEBUG] [35msend_packet[0m
2022-08-24 18:48:55,816 PackGen [WARNING] [33m[-] Connection Failed![0m
2022-08-24 18:48:55,816 PackGen [ERROR] [31mSending Failed![0m
2022-08-24 18:48:55,816 PackGen [WARNING] [33m[-] Connection Failed![0m
2022-08-24 18:48:55,816 PackGen [DEBUG] [35msend_packet[0m
2022-08-24 18:48:55,816 PackGen [WARNING] [33m[-] Connection Failed![0m
2022-08-24 18:48:55,816 PackGen [ERROR] [31mSending Failed![0m
2022-08-24 18:48:55,816 PackGen [WARNING] [33m[-] Connection Failed![0m
2022-08-24 18:48:55,816 PackGen [DEBUG] [35msend_packet[0m
2022-08-24 18:48:55,816 PackGen [WARNING] [33m[-] Connection Failed![0m
2022-08-24 18:48:55,816 PackGen [ERROR] [31mSending Failed![0m
2022-08-24 18:48:55,816 PackGen [WARNING] [33m[-] Connection Failed![0m
2022-08-24 18:48:55,817 PackGen [DEBUG] [35msend_packet[0m
2022-08-24 18:48:55,817 PackGen [WARNING] [33m[-] Connection Failed![0m
2022-08-24 18:48:55,817 PackGen [ERROR] [31mSending Failed![0m
2022-08-24 18:48:55,817 PackGen [WARNING] [33m[-] Connection Failed![0m
2022-08-24 18:48:55,817 PackGen [DEBUG] [35msend_packet[0m
2022-08-24 18:48:55,817 PackGen [WARNING] [33m[-] Connection Failed![0m
2022-08-24 18:48:55,817 PackGen [ERROR] [31mSending Failed![0m
2022-08-24 18:48:55,817 PackGen [WARNING] [33m[-] Connection Failed![0m
2022-08-24 18:48:55,817 PackGen [DEBUG] [35msend_packet[0m
2022-08-24 18:48:55,817 PackGen [WARNING] [33m[-] Connection Failed![0m
2022-08-24 18:48:55,817 PackGen [ERROR] [31mSending Failed![0m
2022-08-24 18:48:55,817 PackGen [WARNING] [33m[-] Connection Failed![0m
2022-08-24 18:48:55,817 PackGen [DEBUG] [35msend_packet[0m
2022-08-24 18:48:55,817 PackGen [WARNING] [33m[-] Connection Failed![0m
2022-08-24 18:48:55,817 PackGen [ERROR] [31mSending Failed![0m
2022-08-24 18:48:55,817 PackGen [WARNING] [33m[-] Connection Failed![0m
2022-08-24 18:48:55,818 PackGen [DEBUG] [35msend_packet[0m
2022-08-24 18:48:55,818 PackGen [WARNING] [33m[-] Connection Failed![0m
2022-08-24 18:48:55,818 PackGen [ERROR] [31mSending Failed![0m
2022-08-24 18:48:55,818 PackGen [WARNING] [33m[-] Connection Failed![0m
2022-08-24 18:48:55,818 PackGen [DEBUG] [35msend_packet[0m
2022-08-24 18:48:55,818 PackGen [WARNING] [33m[-] Connection Failed![0m
2022-08-24 18:48:55,818 PackGen [ERROR] [31mSending Failed![0m
2022-08-24 18:48:55,818 PackGen [WARNING] [33m[-] Connection Failed![0m
2022-08-24 18:48:55,818 PackGen [DEBUG] [35msend_packet[0m
2022-08-24 18:48:55,818 PackGen [WARNING] [33m[-] Connection Failed![0m
2022-08-24 18:48:55,818 PackGen [ERROR] [31mSending Failed![0m
2022-08-24 18:48:55,818 PackGen [WARNING] [33m[-] Connection Failed![0m
2022-08-24 18:48:55,818 PackGen [DEBUG] [35msend_packet[0m
2022-08-24 18:48:55,818 PackGen [WARNING] [33m[-] Connection Failed![0m
2022-08-24 18:48:55,818 PackGen [ERROR] [31mSending Failed![0m
2022-08-24 18:48:55,818 PackGen [WARNING] [33m[-] Connection Failed![0m
2022-08-24 18:48:55,818 PackGen [DEBUG] [35msend_packet[0m
2022-08-24 18:48:55,819 PackGen [WARNING] [33m[-] Connection Failed![0m
2022-08-24 18:48:55,819 PackGen [ERROR] [31mSending Failed![0m
2022-08-24 18:48:55,819 PackGen [WARNING] [33m[-] Connection Failed![0m
2022-08-24 18:48:55,819 PackGen [DEBUG] [35msend_packet[0m
2022-08-24 18:48:55,819 PackGen [WARNING] [33m[-] Connection Failed![0m
2022-08-24 18:48:55,819 PackGen [ERROR] [31mSending Failed![0m
2022-08-24 18:48:55,819 PackGen [WARNING] [33m[-] Connection Failed![0m
2022-08-24 18:48:55,819 PackGen [DEBUG] [35msend_packet[0m
2022-08-24 18:48:55,819 PackGen [WARNING] [33m[-] Connection Failed![0m
2022-08-24 18:48:55,819 PackGen [ERROR] [31mSending Failed![0m
2022-08-24 18:48:55,819 PackGen [WARNING] [33m[-] Connection Failed![0m
2022-08-24 18:48:55,819 PackGen [DEBUG] [35msend_packet[0m
2022-08-24 18:48:55,819 PackGen [WARNING] [33m[-] Connection Failed![0m
2022-08-24 18:48:55,819 PackGen [ERROR] [31mSending Failed![0m
2022-08-24 18:48:55,819 PackGen [WARNING] [33m[-] Connection Failed![0m
2022-08-24 18:48:55,819 PackGen [DEBUG] [35msend_packet[0m
2022-08-24 18:48:55,820 PackGen [WARNING] [33m[-] Connection Failed![0m
2022-08-24 18:48:55,820 PackGen [ERROR] [31mSending Failed![0m
2022-08-24 18:48:55,820 PackGen [WARNING] [33m[-] Connection Failed![0m
2022-08-24 18:48:55,820 PackGen [DEBUG] [35msend_packet[0m
2022-08-24 18:48:55,820 PackGen [WARNING] [33m[-] Connection Failed![0m
2022-08-24 18:48:55,820 PackGen [ERROR] [31mSending Failed![0m
2022-08-24 18:48:55,820 PackGen [WARNING] [33m[-] Connection Failed![0m
2022-08-24 18:48:55,820 PackGen [DEBUG] [35msend_packet[0m
2022-08-24 18:48:55,820 PackGen [WARNING] [33m[-] Connection Failed![0m
2022-08-24 18:48:55,820 PackGen [ERROR] [31mSending Failed![0m
2022-08-24 18:48:55,820 PackGen [WARNING] [33m[-] Connection Failed![0m
2022-08-24 18:48:55,820 PackGen [DEBUG] [35msend_packet[0m
2022-08-24 18:48:55,820 PackGen [WARNING] [33m[-] Connection Failed![0m
2022-08-24 18:48:55,820 PackGen [ERROR] [31mSending Failed![0m
2022-08-24 18:48:55,820 PackGen [WARNING] [33m[-] Connection Failed![0m
2022-08-24 18:48:55,820 PackGen [DEBUG] [35msend_packet[0m
2022-08-24 18:48:55,821 PackGen [WARNING] [33m[-] Connection Failed![0m
2022-08-24 18:48:55,821 PackGen [ERROR] [31mSending Failed![0m
2022-08-24 18:48:55,821 PackGen [WARNING] [33m[-] Connection Failed![0m
2022-08-24 18:48:55,821 PackGen [DEBUG] [35msend_packet[0m
2022-08-24 18:48:55,821 PackGen [WARNING] [33m[-] Connection Failed![0m
2022-08-24 18:48:55,821 PackGen [ERROR] [31mSending Failed![0m
2022-08-24 18:48:55,821 PackGen [WARNING] [33m[-] Connection Failed![0m
2022-08-24 18:48:55,821 PackGen [DEBUG] [35msend_packet[0m
2022-08-24 18:48:55,821 PackGen [WARNING] [33m[-] Connection Failed![0m
2022-08-24 18:48:55,821 PackGen [ERROR] [31mSending Failed![0m
2022-08-24 18:48:55,821 PackGen [WARNING] [33m[-] Connection Failed![0m
2022-08-24 18:53:13,026 PackGen [DEBUG] [35mformPacket[0m
2022-08-24 18:53:13,026 PackGen [DEBUG] [35msend_packet[0m
2022-08-24 18:53:13,027 PackGen [INFO] [32m[+] Connected to Server: 127.0.0.1[0m
2022-08-24 18:53:13,027 PackGen [DEBUG] [35m[+] Sent Packet: 7A 18 00 00 00 05 00 00 00 00 00 00  z...........[0m
2022-08-24 18:53:13,029 PackGen [DEBUG] [35msend_packet[0m
2022-08-24 18:53:13,029 PackGen [INFO] [32m[+] Connected to Server: 127.0.0.1[0m
2022-08-24 18:53:13,029 PackGen [DEBUG] [35m[+] Sent Packet: 7A 18 00 00 00 05 00 00 00 00 00 00  z...........[0m
2022-08-24 18:53:13,030 PackGen [DEBUG] [35msend_packet[0m
2022-08-24 18:53:13,030 PackGen [INFO] [32m[+] Connected to Server: 127.0.0.1[0m
2022-08-24 18:53:13,031 PackGen [DEBUG] [35m[+] Sent Packet: 69 27 00 00 00 05 00 00 00 00 00 00  i'..........[0m
2022-08-24 18:53:13,032 PackGen [DEBUG] [35msend_packet[0m
2022-08-24 18:53:13,032 PackGen [INFO] [32m[+] Connected to Server: 127.0.0.1[0m
2022-08-24 18:53:13,032 PackGen [DEBUG] [35m[+] Sent Packet: 69 27 00 00 00 05 00 00 00 00 00 00  i'..........[0m
2022-08-24 18:53:13,033 PackGen [DEBUG] [35msend_packet[0m
2022-08-24 18:53:13,033 PackGen [INFO] [32m[+] Connected to Server: 127.0.0.1[0m
2022-08-24 18:53:13,033 PackGen [DEBUG] [35m[+] Sent Packet: 69 07 00 00 00 05 00 00 00 00 00 00  i...........[0m
2022-08-24 18:53:13,034 PackGen [DEBUG] [35msend_packet[0m
2022-08-24 18:53:13,034 PackGen [INFO] [32m[+] Connected to Server: 127.0.0.1[0m
2022-08-24 18:53:13,034 PackGen [DEBUG] [35m[+] Sent Packet: 69 07 00 00 00 05 00 00 00 00 00 00  i...........[0m
2022-08-24 18:53:13,035 PackGen [DEBUG] [35msend_packet[0m
2022-08-24 18:53:13,035 PackGen [INFO] [32m[+] Connected to Server: 127.0.0.1[0m
2022-08-24 18:53:13,035 PackGen [DEBUG] [35m[+] Sent Packet: 01 EB 00 00 00 1D 00 00 00 00 00 00  ............[0m
2022-08-25 01:41:46,172 PackGen [DEBUG] [35mformPacket[0m
2022-08-25 01:41:46,199 PackGen [DEBUG] [35msend_packet[0m
2022-08-25 01:41:46,200 PackGen [WARNING] [33m[-] Connection Failed![0m
2022-08-25 01:41:46,200 PackGen [ERROR] [31mSending Failed![0m
2022-08-25 01:41:46,200 PackGen [WARNING] [33m[-] Connection Failed![0m
2022-08-25 01:41:46,200 PackGen [DEBUG] [35msend_packet[0m
2022-08-25 01:41:46,200 PackGen [WARNING] [33m[-] Connection Failed![0m
2022-08-25 01:41:46,200 PackGen [ERROR] [31mSending Failed![0m
2022-08-25 01:41:46,200 PackGen [WARNING] [33m[-] Connection Failed![0m
2022-08-25 01:41:46,201 PackGen [DEBUG] [35msend_packet[0m
2022-08-25 01:41:46,201 PackGen [WARNING] [33m[-] Connection Failed![0m
2022-08-25 01:41:46,201 PackGen [ERROR] [31mSending Failed![0m
2022-08-25 01:41:46,201 PackGen [WARNING] [33m[-] Connection Failed![0m
2022-08-25 01:41:46,201 PackGen [DEBUG] [35msend_packet[0m
2022-08-25 01:41:46,201 PackGen [WARNING] [33m[-] Connection Failed![0m
2022-08-25 01:41:46,201 PackGen [ERROR] [31mSending Failed![0m
2022-08-25 01:41:46,201 PackGen [WARNING] [33m[-] Connection Failed![0m
2022-08-25 01:41:46,201 PackGen [DEBUG] [35msend_packet[0m
2022-08-25 01:41:46,202 PackGen [WARNING] [33m[-] Connection Failed![0m
2022-08-25 01:41:46,202 PackGen [ERROR] [31mSending Failed![0m
2022-08-25 01:41:46,202 PackGen [WARNING] [33m[-] Connection Failed![0m
2022-08-25 01:41:46,202 PackGen [DEBUG] [35msend_packet[0m
2022-08-25 01:41:46,202 PackGen [WARNING] [33m[-] Connection Failed![0m
2022-08-25 01:41:46,202 PackGen [ERROR] [31mSending Failed![0m
2022-08-25 01:41:46,202 PackGen [WARNING] [33m[-] Connection Failed![0m
2022-08-25 01:41:46,202 PackGen [DEBUG] [35msend_packet[0m
2022-08-25 01:41:46,202 PackGen [WARNING] [33m[-] Connection Failed![0m
2022-08-25 01:41:46,202 PackGen [ERROR] [31mSending Failed![0m
2022-08-25 01:41:46,203 PackGen [WARNING] [33m[-] Connection Failed![0m
2022-08-25 01:41:46,203 PackGen [DEBUG] [35msend_packet[0m
2022-08-25 01:41:46,203 PackGen [WARNING] [33m[-] Connection Failed![0m
2022-08-25 01:41:46,203 PackGen [ERROR] [31mSending Failed![0m
2022-08-25 01:41:46,203 PackGen [WARNING] [33m[-] Connection Failed![0m
2022-08-25 01:41:46,203 PackGen [DEBUG] [35msend_packet[0m
2022-08-25 01:41:46,203 PackGen [WARNING] [33m[-] Connection Failed![0m
2022-08-25 01:41:46,203 PackGen [ERROR] [31mSending Failed![0m
2022-08-25 01:41:46,203 PackGen [WARNING] [33m[-] Connection Failed![0m
2022-08-25 01:41:46,203 PackGen [DEBUG] [35msend_packet[0m
2022-08-25 01:41:46,203 PackGen [WARNING] [33m[-] Connection Failed![0m
2022-08-25 01:41:46,203 PackGen [ERROR] [31mSending Failed![0m
2022-08-25 01:41:46,203 PackGen [WARNING] [33m[-] Connection Failed![0m
2022-08-25 01:41:46,203 PackGen [DEBUG] [35msend_packet[0m
2022-08-25 01:41:46,203 PackGen [WARNING] [33m[-] Connection Failed![0m
2022-08-25 01:41:46,203 PackGen [ERROR] [31mSending Failed![0m
2022-08-25 01:41:46,204 PackGen [WARNING] [33m[-] Connection Failed![0m
2022-08-25 01:41:46,204 PackGen [DEBUG] [35msend_packet[0m
2022-08-25 01:41:46,204 PackGen [WARNING] [33m[-] Connection Failed![0m
2022-08-25 01:41:46,204 PackGen [ERROR] [31mSending Failed![0m
2022-08-25 01:41:46,204 PackGen [WARNING] [33m[-] Connection Failed![0m
2022-08-25 01:41:46,204 PackGen [DEBUG] [35msend_packet[0m
2022-08-25 01:41:46,204 PackGen [WARNING] [33m[-] Connection Failed![0m
2022-08-25 01:41:46,204 PackGen [ERROR] [31mSending Failed![0m
2022-08-25 01:41:46,204 PackGen [WARNING] [33m[-] Connection Failed![0m
2022-08-25 01:41:46,204 PackGen [DEBUG] [35msend_packet[0m
2022-08-25 01:41:46,204 PackGen [WARNING] [33m[-] Connection Failed![0m
2022-08-25 01:41:46,204 PackGen [ERROR] [31mSending Failed![0m
2022-08-25 01:41:46,204 PackGen [WARNING] [33m[-] Connection Failed![0m
2022-08-25 01:41:46,204 PackGen [DEBUG] [35msend_packet[0m
2022-08-25 01:41:46,204 PackGen [WARNING] [33m[-] Connection Failed![0m
2022-08-25 01:41:46,204 PackGen [ERROR] [31mSending Failed![0m
2022-08-25 01:41:46,205 PackGen [WARNING] [33m[-] Connection Failed![0m
2022-08-25 01:41:46,205 PackGen [DEBUG] [35msend_packet[0m
2022-08-25 01:41:46,205 PackGen [WARNING] [33m[-] Connection Failed![0m
2022-08-25 01:41:46,205 PackGen [ERROR] [31mSending Failed![0m
2022-08-25 01:41:46,205 PackGen [WARNING] [33m[-] Connection Failed![0m
2022-08-25 01:41:46,205 PackGen [DEBUG] [35msend_packet[0m
2022-08-25 01:41:46,205 PackGen [WARNING] [33m[-] Connection Failed![0m
2022-08-25 01:41:46,205 PackGen [ERROR] [31mSending Failed![0m
2022-08-25 01:41:46,205 PackGen [WARNING] [33m[-] Connection Failed![0m
2022-08-25 01:41:46,205 PackGen [DEBUG] [35msend_packet[0m
2022-08-25 01:41:46,205 PackGen [WARNING] [33m[-] Connection Failed![0m
2022-08-25 01:41:46,205 PackGen [ERROR] [31mSending Failed![0m
2022-08-25 01:41:46,205 PackGen [WARNING] [33m[-] Connection Failed![0m
2022-08-25 01:41:46,205 PackGen [DEBUG] [35msend_packet[0m
2022-08-25 01:41:46,205 PackGen [WARNING] [33m[-] Connection Failed![0m
2022-08-25 01:41:46,206 PackGen [ERROR] [31mSending Failed![0m
2022-08-25 01:41:46,206 PackGen [WARNING] [33m[-] Connection Failed![0m
2022-08-25 01:41:46,206 PackGen [DEBUG] [35msend_packet[0m
2022-08-25 01:41:46,206 PackGen [WARNING] [33m[-] Connection Failed![0m
2022-08-25 01:41:46,206 PackGen [ERROR] [31mSending Failed![0m
2022-08-25 01:41:46,206 PackGen [WARNING] [33m[-] Connection Failed![0m
2022-08-25 01:41:46,206 PackGen [DEBUG] [35msend_packet[0m
2022-08-25 01:41:46,206 PackGen [WARNING] [33m[-] Connection Failed![0m
2022-08-25 01:41:46,206 PackGen [ERROR] [31mSending Failed![0m
2022-08-25 01:41:46,206 PackGen [WARNING] [33m[-] Connection Failed![0m
2022-08-25 01:41:46,206 PackGen [DEBUG] [35msend_packet[0m
2022-08-25 01:41:46,206 PackGen [WARNING] [33m[-] Connection Failed![0m
2022-08-25 01:41:46,206 PackGen [ERROR] [31mSending Failed![0m
2022-08-25 01:41:46,206 PackGen [WARNING] [33m[-] Connection Failed![0m
2022-08-25 01:41:46,206 PackGen [DEBUG] [35msend_packet[0m
2022-08-25 01:41:46,206 PackGen [WARNING] [33m[-] Connection Failed![0m
2022-08-25 01:41:46,207 PackGen [ERROR] [31mSending Failed![0m
2022-08-25 01:41:46,207 PackGen [WARNING] [33m[-] Connection Failed![0m
2022-08-25 01:41:46,207 PackGen [DEBUG] [35msend_packet[0m
2022-08-25 01:41:46,207 PackGen [WARNING] [33m[-] Connection Failed![0m
2022-08-25 01:41:46,207 PackGen [ERROR] [31mSending Failed![0m
2022-08-25 01:41:46,207 PackGen [WARNING] [33m[-] Connection Failed![0m
2022-08-25 01:41:46,207 PackGen [DEBUG] [35msend_packet[0m
2022-08-25 01:41:46,207 PackGen [WARNING] [33m[-] Connection Failed![0m
2022-08-25 01:41:46,207 PackGen [ERROR] [31mSending Failed![0m
2022-08-25 01:41:46,207 PackGen [WARNING] [33m[-] Connection Failed![0m
2022-08-25 01:41:46,207 PackGen [DEBUG] [35msend_packet[0m
2022-08-25 01:41:46,207 PackGen [WARNING] [33m[-] Connection Failed![0m
2022-08-25 01:41:46,207 PackGen [ERROR] [31mSending Failed![0m
2022-08-25 01:41:46,207 PackGen [WARNING] [33m[-] Connection Failed![0m
2022-08-25 01:41:46,207 PackGen [DEBUG] [35msend_packet[0m
2022-08-25 01:41:46,207 PackGen [WARNING] [33m[-] Connection Failed![0m
2022-08-25 01:41:46,208 PackGen [ERROR] [31mSending Failed![0m
2022-08-25 01:41:46,208 PackGen [WARNING] [33m[-] Connection Failed![0m
2022-08-25 01:41:46,208 PackGen [DEBUG] [35msend_packet[0m
2022-08-25 01:41:46,208 PackGen [WARNING] [33m[-] Connection Failed![0m
2022-08-25 01:41:46,208 PackGen [ERROR] [31mSending Failed![0m
2022-08-25 01:41:46,208 PackGen [WARNING] [33m[-] Connection Failed![0m
2022-08-25 01:41:46,208 PackGen [DEBUG] [35msend_packet[0m
2022-08-25 01:41:46,208 PackGen [WARNING] [33m[-] Connection Failed![0m
2022-08-25 01:41:46,208 PackGen [ERROR] [31mSending Failed![0m
2022-08-25 01:41:46,208 PackGen [WARNING] [33m[-] Connection Failed![0m
2022-08-25 01:41:46,208 PackGen [DEBUG] [35msend_packet[0m
2022-08-25 01:41:46,208 PackGen [WARNING] [33m[-] Connection Failed![0m
2022-08-25 01:41:46,208 PackGen [ERROR] [31mSending Failed![0m
2022-08-25 01:41:46,209 PackGen [WARNING] [33m[-] Connection Failed![0m
2022-08-25 01:41:46,209 PackGen [DEBUG] [35msend_packet[0m
2022-08-25 01:41:46,209 PackGen [WARNING] [33m[-] Connection Failed![0m
2022-08-25 01:41:46,209 PackGen [ERROR] [31mSending Failed![0m
2022-08-25 01:41:46,209 PackGen [WARNING] [33m[-] Connection Failed![0m
2022-08-25 01:41:46,209 PackGen [DEBUG] [35msend_packet[0m
2022-08-25 01:41:46,209 PackGen [WARNING] [33m[-] Connection Failed![0m
2022-08-25 01:41:46,209 PackGen [ERROR] [31mSending Failed![0m
2022-08-25 01:41:46,209 PackGen [WARNING] [33m[-] Connection Failed![0m
2022-08-25 01:41:46,209 PackGen [DEBUG] [35msend_packet[0m
2022-08-25 01:41:46,209 PackGen [WARNING] [33m[-] Connection Failed![0m
2022-08-25 01:41:46,209 PackGen [ERROR] [31mSending Failed![0m
2022-08-25 01:41:46,209 PackGen [WARNING] [33m[-] Connection Failed![0m
2022-08-25 01:41:46,209 PackGen [DEBUG] [35msend_packet[0m
2022-08-25 01:41:46,209 PackGen [WARNING] [33m[-] Connection Failed![0m
2022-08-25 01:41:46,210 PackGen [ERROR] [31mSending Failed![0m
2022-08-25 01:41:46,210 PackGen [WARNING] [33m[-] Connection Failed![0m
2022-08-25 01:41:46,210 PackGen [DEBUG] [35msend_packet[0m
2022-08-25 01:41:46,210 PackGen [WARNING] [33m[-] Connection Failed![0m
2022-08-25 01:41:46,210 PackGen [ERROR] [31mSending Failed![0m
2022-08-25 01:41:46,210 PackGen [WARNING] [33m[-] Connection Failed![0m
2022-08-25 01:41:46,210 PackGen [DEBUG] [35msend_packet[0m
2022-08-25 01:41:46,210 PackGen [WARNING] [33m[-] Connection Failed![0m
2022-08-25 01:41:46,210 PackGen [ERROR] [31mSending Failed![0m
2022-08-25 01:41:46,210 PackGen [WARNING] [33m[-] Connection Failed![0m
2022-08-25 01:41:46,210 PackGen [DEBUG] [35msend_packet[0m
2022-08-25 01:41:46,211 PackGen [WARNING] [33m[-] Connection Failed![0m
2022-08-25 01:41:46,211 PackGen [ERROR] [31mSending Failed![0m
2022-08-25 01:41:46,211 PackGen [WARNING] [33m[-] Connection Failed![0m
2022-08-25 01:41:46,211 PackGen [DEBUG] [35msend_packet[0m
2022-08-25 01:41:46,211 PackGen [WARNING] [33m[-] Connection Failed![0m
2022-08-25 01:41:46,211 PackGen [ERROR] [31mSending Failed![0m
2022-08-25 01:41:46,211 PackGen [WARNING] [33m[-] Connection Failed![0m
2022-08-25 01:41:46,211 PackGen [DEBUG] [35msend_packet[0m
2022-08-25 01:41:46,211 PackGen [WARNING] [33m[-] Connection Failed![0m
2022-08-25 01:41:46,211 PackGen [ERROR] [31mSending Failed![0m
2022-08-25 01:41:46,211 PackGen [WARNING] [33m[-] Connection Failed![0m
2022-08-25 01:41:46,211 PackGen [DEBUG] [35msend_packet[0m
2022-08-25 01:41:46,211 PackGen [WARNING] [33m[-] Connection Failed![0m
2022-08-25 01:41:46,211 PackGen [ERROR] [31mSending Failed![0m
2022-08-25 01:41:46,211 PackGen [WARNING] [33m[-] Connection Failed![0m
2022-08-25 01:41:46,212 PackGen [DEBUG] [35msend_packet[0m
2022-08-25 01:41:46,212 PackGen [WARNING] [33m[-] Connection Failed![0m
2022-08-25 01:41:46,212 PackGen [ERROR] [31mSending Failed![0m
2022-08-25 01:41:46,212 PackGen [WARNING] [33m[-] Connection Failed![0m
2022-08-25 01:41:46,212 PackGen [DEBUG] [35msend_packet[0m
2022-08-25 01:41:46,212 PackGen [WARNING] [33m[-] Connection Failed![0m
2022-08-25 01:41:46,212 PackGen [ERROR] [31mSending Failed![0m
2022-08-25 01:41:46,212 PackGen [WARNING] [33m[-] Connection Failed![0m
2022-08-25 01:41:46,212 PackGen [DEBUG] [35msend_packet[0m
2022-08-25 01:41:46,212 PackGen [WARNING] [33m[-] Connection Failed![0m
2022-08-25 01:41:46,212 PackGen [ERROR] [31mSending Failed![0m
2022-08-25 01:41:46,212 PackGen [WARNING] [33m[-] Connection Failed![0m
2022-08-25 01:41:46,212 PackGen [DEBUG] [35msend_packet[0m
2022-08-25 01:41:46,212 PackGen [WARNING] [33m[-] Connection Failed![0m
2022-08-25 01:41:46,212 PackGen [ERROR] [31mSending Failed![0m
2022-08-25 01:41:46,212 PackGen [WARNING] [33m[-] Connection Failed![0m
2022-08-25 01:41:46,213 PackGen [DEBUG] [35msend_packet[0m
2022-08-25 01:41:46,213 PackGen [WARNING] [33m[-] Connection Failed![0m
2022-08-25 01:41:46,213 PackGen [ERROR] [31mSending Failed![0m
2022-08-25 01:41:46,213 PackGen [WARNING] [33m[-] Connection Failed![0m
2022-08-25 01:41:46,213 PackGen [DEBUG] [35msend_packet[0m
2022-08-25 01:41:46,213 PackGen [WARNING] [33m[-] Connection Failed![0m
2022-08-25 01:41:46,213 PackGen [ERROR] [31mSending Failed![0m
2022-08-25 01:41:46,213 PackGen [WARNING] [33m[-] Connection Failed![0m
2022-08-25 01:41:46,213 PackGen [DEBUG] [35msend_packet[0m
2022-08-25 01:41:46,213 PackGen [WARNING] [33m[-] Connection Failed![0m
2022-08-25 01:41:46,213 PackGen [ERROR] [31mSending Failed![0m
2022-08-25 01:41:46,213 PackGen [WARNING] [33m[-] Connection Failed![0m
2022-08-25 01:41:46,213 PackGen [DEBUG] [35msend_packet[0m
2022-08-25 01:41:46,213 PackGen [WARNING] [33m[-] Connection Failed![0m
2022-08-25 01:41:46,213 PackGen [ERROR] [31mSending Failed![0m
2022-08-25 01:41:46,213 PackGen [WARNING] [33m[-] Connection Failed![0m
2022-08-25 01:41:46,214 PackGen [DEBUG] [35msend_packet[0m
2022-08-25 01:41:46,214 PackGen [WARNING] [33m[-] Connection Failed![0m
2022-08-25 01:41:46,214 PackGen [ERROR] [31mSending Failed![0m
2022-08-25 01:41:46,214 PackGen [WARNING] [33m[-] Connection Failed![0m
2022-08-25 01:41:46,214 PackGen [DEBUG] [35msend_packet[0m
2022-08-25 01:41:46,214 PackGen [WARNING] [33m[-] Connection Failed![0m
2022-08-25 01:41:46,214 PackGen [ERROR] [31mSending Failed![0m
2022-08-25 01:41:46,214 PackGen [WARNING] [33m[-] Connection Failed![0m
2022-08-25 01:42:48,940 PackGen [DEBUG] [35mformPacket[0m
2022-08-25 01:42:48,940 PackGen [DEBUG] [35msend_packet[0m
2022-08-25 01:42:48,941 PackGen [WARNING] [33m[-] Connection Failed![0m
2022-08-25 01:42:48,941 PackGen [ERROR] [31mSending Failed![0m
2022-08-25 01:42:48,941 PackGen [WARNING] [33m[-] Connection Failed![0m
2022-08-25 01:42:48,941 PackGen [DEBUG] [35msend_packet[0m
2022-08-25 01:42:48,941 PackGen [WARNING] [33m[-] Connection Failed![0m
2022-08-25 01:42:48,941 PackGen [ERROR] [31mSending Failed![0m
2022-08-25 01:42:48,941 PackGen [WARNING] [33m[-] Connection Failed![0m
2022-08-25 01:42:48,941 PackGen [DEBUG] [35msend_packet[0m
2022-08-25 01:42:48,942 PackGen [WARNING] [33m[-] Connection Failed![0m
2022-08-25 01:42:48,942 PackGen [ERROR] [31mSending Failed![0m
2022-08-25 01:42:48,942 PackGen [WARNING] [33m[-] Connection Failed![0m
2022-08-25 01:42:48,942 PackGen [DEBUG] [35msend_packet[0m
2022-08-25 01:42:48,942 PackGen [WARNING] [33m[-] Connection Failed![0m
2022-08-25 01:42:48,942 PackGen [ERROR] [31mSending Failed![0m
2022-08-25 01:42:48,942 PackGen [WARNING] [33m[-] Connection Failed![0m
2022-08-25 01:42:48,942 PackGen [DEBUG] [35msend_packet[0m
2022-08-25 01:42:48,942 PackGen [WARNING] [33m[-] Connection Failed![0m
2022-08-25 01:42:48,942 PackGen [ERROR] [31mSending Failed![0m
2022-08-25 01:42:48,943 PackGen [WARNING] [33m[-] Connection Failed![0m
2022-08-25 01:42:48,943 PackGen [DEBUG] [35msend_packet[0m
2022-08-25 01:42:48,943 PackGen [WARNING] [33m[-] Connection Failed![0m
2022-08-25 01:42:48,943 PackGen [ERROR] [31mSending Failed![0m
2022-08-25 01:42:48,943 PackGen [WARNING] [33m[-] Connection Failed![0m
2022-08-25 01:42:48,943 PackGen [DEBUG] [35msend_packet[0m
2022-08-25 01:42:48,943 PackGen [WARNING] [33m[-] Connection Failed![0m
2022-08-25 01:42:48,943 PackGen [ERROR] [31mSending Failed![0m
2022-08-25 01:42:48,943 PackGen [WARNING] [33m[-] Connection Failed![0m
2022-08-25 01:42:48,943 PackGen [DEBUG] [35msend_packet[0m
2022-08-25 01:42:48,943 PackGen [WARNING] [33m[-] Connection Failed![0m
2022-08-25 01:42:48,943 PackGen [ERROR] [31mSending Failed![0m
2022-08-25 01:42:48,943 PackGen [WARNING] [33m[-] Connection Failed![0m
2022-08-25 01:42:48,943 PackGen [DEBUG] [35msend_packet[0m
2022-08-25 01:42:48,943 PackGen [WARNING] [33m[-] Connection Failed![0m
2022-08-25 01:42:48,944 PackGen [ERROR] [31mSending Failed![0m
2022-08-25 01:42:48,944 PackGen [WARNING] [33m[-] Connection Failed![0m
2022-08-25 01:42:48,944 PackGen [DEBUG] [35msend_packet[0m
2022-08-25 01:42:48,944 PackGen [WARNING] [33m[-] Connection Failed![0m
2022-08-25 01:42:48,944 PackGen [ERROR] [31mSending Failed![0m
2022-08-25 01:42:48,944 PackGen [WARNING] [33m[-] Connection Failed![0m
2022-08-25 01:42:48,944 PackGen [DEBUG] [35msend_packet[0m
2022-08-25 01:42:48,944 PackGen [WARNING] [33m[-] Connection Failed![0m
2022-08-25 01:42:48,944 PackGen [ERROR] [31mSending Failed![0m
2022-08-25 01:42:48,944 PackGen [WARNING] [33m[-] Connection Failed![0m
2022-08-25 01:42:48,944 PackGen [DEBUG] [35msend_packet[0m
2022-08-25 01:42:48,944 PackGen [WARNING] [33m[-] Connection Failed![0m
2022-08-25 01:42:48,944 PackGen [ERROR] [31mSending Failed![0m
2022-08-25 01:42:48,944 PackGen [WARNING] [33m[-] Connection Failed![0m
2022-08-25 01:42:48,944 PackGen [DEBUG] [35msend_packet[0m
2022-08-25 01:42:48,945 PackGen [WARNING] [33m[-] Connection Failed![0m
2022-08-25 01:42:48,945 PackGen [ERROR] [31mSending Failed![0m
2022-08-25 01:42:48,945 PackGen [WARNING] [33m[-] Connection Failed![0m
2022-08-25 01:42:48,945 PackGen [DEBUG] [35msend_packet[0m
2022-08-25 01:42:48,945 PackGen [WARNING] [33m[-] Connection Failed![0m
2022-08-25 01:42:48,945 PackGen [ERROR] [31mSending Failed![0m
2022-08-25 01:42:48,945 PackGen [WARNING] [33m[-] Connection Failed![0m
2022-08-25 01:42:48,945 PackGen [DEBUG] [35msend_packet[0m
2022-08-25 01:42:48,945 PackGen [WARNING] [33m[-] Connection Failed![0m
2022-08-25 01:42:48,945 PackGen [ERROR] [31mSending Failed![0m
2022-08-25 01:42:48,945 PackGen [WARNING] [33m[-] Connection Failed![0m
2022-08-25 01:42:48,945 PackGen [DEBUG] [35msend_packet[0m
2022-08-25 01:42:48,945 PackGen [WARNING] [33m[-] Connection Failed![0m
2022-08-25 01:42:48,945 PackGen [ERROR] [31mSending Failed![0m
2022-08-25 01:42:48,945 PackGen [WARNING] [33m[-] Connection Failed![0m
2022-08-25 01:42:48,946 PackGen [DEBUG] [35msend_packet[0m
2022-08-25 01:42:48,946 PackGen [WARNING] [33m[-] Connection Failed![0m
2022-08-25 01:42:48,946 PackGen [ERROR] [31mSending Failed![0m
2022-08-25 01:42:48,946 PackGen [WARNING] [33m[-] Connection Failed![0m
2022-08-25 01:42:48,946 PackGen [DEBUG] [35msend_packet[0m
2022-08-25 01:42:48,946 PackGen [WARNING] [33m[-] Connection Failed![0m
2022-08-25 01:42:48,946 PackGen [ERROR] [31mSending Failed![0m
2022-08-25 01:42:48,946 PackGen [WARNING] [33m[-] Connection Failed![0m
2022-08-25 01:42:48,946 PackGen [DEBUG] [35msend_packet[0m
2022-08-25 01:42:48,946 PackGen [WARNING] [33m[-] Connection Failed![0m
2022-08-25 01:42:48,946 PackGen [ERROR] [31mSending Failed![0m
2022-08-25 01:42:48,946 PackGen [WARNING] [33m[-] Connection Failed![0m
2022-08-25 01:42:48,946 PackGen [DEBUG] [35msend_packet[0m
2022-08-25 01:42:48,946 PackGen [WARNING] [33m[-] Connection Failed![0m
2022-08-25 01:42:48,946 PackGen [ERROR] [31mSending Failed![0m
2022-08-25 01:42:48,946 PackGen [WARNING] [33m[-] Connection Failed![0m
2022-08-25 01:42:48,947 PackGen [DEBUG] [35msend_packet[0m
2022-08-25 01:42:48,947 PackGen [WARNING] [33m[-] Connection Failed![0m
2022-08-25 01:42:48,947 PackGen [ERROR] [31mSending Failed![0m
2022-08-25 01:42:48,947 PackGen [WARNING] [33m[-] Connection Failed![0m
2022-08-25 01:42:48,947 PackGen [DEBUG] [35msend_packet[0m
2022-08-25 01:42:48,947 PackGen [WARNING] [33m[-] Connection Failed![0m
2022-08-25 01:42:48,947 PackGen [ERROR] [31mSending Failed![0m
2022-08-25 01:42:48,947 PackGen [WARNING] [33m[-] Connection Failed![0m
2022-08-25 01:42:48,947 PackGen [DEBUG] [35msend_packet[0m
2022-08-25 01:42:48,947 PackGen [WARNING] [33m[-] Connection Failed![0m
2022-08-25 01:42:48,947 PackGen [ERROR] [31mSending Failed![0m
2022-08-25 01:42:48,948 PackGen [WARNING] [33m[-] Connection Failed![0m
2022-08-25 01:42:48,948 PackGen [DEBUG] [35msend_packet[0m
2022-08-25 01:42:48,948 PackGen [WARNING] [33m[-] Connection Failed![0m
2022-08-25 01:42:48,948 PackGen [ERROR] [31mSending Failed![0m
2022-08-25 01:42:48,948 PackGen [WARNING] [33m[-] Connection Failed![0m
2022-08-25 01:42:48,948 PackGen [DEBUG] [35msend_packet[0m
2022-08-25 01:42:48,948 PackGen [WARNING] [33m[-] Connection Failed![0m
2022-08-25 01:42:48,948 PackGen [ERROR] [31mSending Failed![0m
2022-08-25 01:42:48,948 PackGen [WARNING] [33m[-] Connection Failed![0m
2022-08-25 01:42:48,948 PackGen [DEBUG] [35msend_packet[0m
2022-08-25 01:42:48,948 PackGen [WARNING] [33m[-] Connection Failed![0m
2022-08-25 01:42:48,948 PackGen [ERROR] [31mSending Failed![0m
2022-08-25 01:42:48,948 PackGen [WARNING] [33m[-] Connection Failed![0m
2022-08-25 01:42:48,948 PackGen [DEBUG] [35msend_packet[0m
2022-08-25 01:42:48,949 PackGen [WARNING] [33m[-] Connection Failed![0m
2022-08-25 01:42:48,949 PackGen [ERROR] [31mSending Failed![0m
2022-08-25 01:42:48,949 PackGen [WARNING] [33m[-] Connection Failed![0m
2022-08-25 01:42:48,949 PackGen [DEBUG] [35msend_packet[0m
2022-08-25 01:42:48,949 PackGen [WARNING] [33m[-] Connection Failed![0m
2022-08-25 01:42:48,949 PackGen [ERROR] [31mSending Failed![0m
2022-08-25 01:42:48,949 PackGen [WARNING] [33m[-] Connection Failed![0m
2022-08-25 01:42:48,949 PackGen [DEBUG] [35msend_packet[0m
2022-08-25 01:42:48,949 PackGen [WARNING] [33m[-] Connection Failed![0m
2022-08-25 01:42:48,949 PackGen [ERROR] [31mSending Failed![0m
2022-08-25 01:42:48,949 PackGen [WARNING] [33m[-] Connection Failed![0m
2022-08-25 01:42:48,949 PackGen [DEBUG] [35msend_packet[0m
2022-08-25 01:42:48,949 PackGen [WARNING] [33m[-] Connection Failed![0m
2022-08-25 01:42:48,949 PackGen [ERROR] [31mSending Failed![0m
2022-08-25 01:42:48,949 PackGen [WARNING] [33m[-] Connection Failed![0m
2022-08-25 01:42:48,949 PackGen [DEBUG] [35msend_packet[0m
2022-08-25 01:42:48,950 PackGen [WARNING] [33m[-] Connection Failed![0m
2022-08-25 01:42:48,950 PackGen [ERROR] [31mSending Failed![0m
2022-08-25 01:42:48,950 PackGen [WARNING] [33m[-] Connection Failed![0m
2022-08-25 01:42:48,950 PackGen [DEBUG] [35msend_packet[0m
2022-08-25 01:42:48,950 PackGen [WARNING] [33m[-] Connection Failed![0m
2022-08-25 01:42:48,950 PackGen [ERROR] [31mSending Failed![0m
2022-08-25 01:42:48,950 PackGen [WARNING] [33m[-] Connection Failed![0m
2022-08-25 01:42:48,950 PackGen [DEBUG] [35msend_packet[0m
2022-08-25 01:42:48,950 PackGen [WARNING] [33m[-] Connection Failed![0m
2022-08-25 01:42:48,950 PackGen [ERROR] [31mSending Failed![0m
2022-08-25 01:42:48,950 PackGen [WARNING] [33m[-] Connection Failed![0m
2022-08-25 01:42:48,950 PackGen [DEBUG] [35msend_packet[0m
2022-08-25 01:42:48,950 PackGen [WARNING] [33m[-] Connection Failed![0m
2022-08-25 01:42:48,950 PackGen [ERROR] [31mSending Failed![0m
2022-08-25 01:42:48,950 PackGen [WARNING] [33m[-] Connection Failed![0m
2022-08-25 01:42:48,951 PackGen [DEBUG] [35msend_packet[0m
2022-08-25 01:42:48,951 PackGen [WARNING] [33m[-] Connection Failed![0m
2022-08-25 01:42:48,951 PackGen [ERROR] [31mSending Failed![0m
2022-08-25 01:42:48,951 PackGen [WARNING] [33m[-] Connection Failed![0m
2022-08-25 01:42:48,951 PackGen [DEBUG] [35msend_packet[0m
2022-08-25 01:42:48,951 PackGen [WARNING] [33m[-] Connection Failed![0m
2022-08-25 01:42:48,951 PackGen [ERROR] [31mSending Failed![0m
2022-08-25 01:42:48,951 PackGen [WARNING] [33m[-] Connection Failed![0m
2022-08-25 01:42:48,951 PackGen [DEBUG] [35msend_packet[0m
2022-08-25 01:42:48,951 PackGen [WARNING] [33m[-] Connection Failed![0m
2022-08-25 01:42:48,951 PackGen [ERROR] [31mSending Failed![0m
2022-08-25 01:42:48,951 PackGen [WARNING] [33m[-] Connection Failed![0m
2022-08-25 01:42:48,951 PackGen [DEBUG] [35msend_packet[0m
2022-08-25 01:42:48,952 PackGen [WARNING] [33m[-] Connection Failed![0m
2022-08-25 01:42:48,952 PackGen [ERROR] [31mSending Failed![0m
2022-08-25 01:42:48,952 PackGen [WARNING] [33m[-] Connection Failed![0m
2022-08-25 01:42:48,952 PackGen [DEBUG] [35msend_packet[0m
2022-08-25 01:42:48,952 PackGen [WARNING] [33m[-] Connection Failed![0m
2022-08-25 01:42:48,952 PackGen [ERROR] [31mSending Failed![0m
2022-08-25 01:42:48,952 PackGen [WARNING] [33m[-] Connection Failed![0m
2022-08-25 01:42:48,952 PackGen [DEBUG] [35msend_packet[0m
2022-08-25 01:42:48,952 PackGen [WARNING] [33m[-] Connection Failed![0m
2022-08-25 01:42:48,952 PackGen [ERROR] [31mSending Failed![0m
2022-08-25 01:42:48,952 PackGen [WARNING] [33m[-] Connection Failed![0m
2022-08-25 01:42:48,952 PackGen [DEBUG] [35msend_packet[0m
2022-08-25 01:42:48,952 PackGen [WARNING] [33m[-] Connection Failed![0m
2022-08-25 01:42:48,952 PackGen [ERROR] [31mSending Failed![0m
2022-08-25 01:42:48,952 PackGen [WARNING] [33m[-] Connection Failed![0m
2022-08-25 01:42:48,953 PackGen [DEBUG] [35msend_packet[0m
2022-08-25 01:42:48,953 PackGen [WARNING] [33m[-] Connection Failed![0m
2022-08-25 01:42:48,953 PackGen [ERROR] [31mSending Failed![0m
2022-08-25 01:42:48,953 PackGen [WARNING] [33m[-] Connection Failed![0m
2022-08-25 01:42:48,953 PackGen [DEBUG] [35msend_packet[0m
2022-08-25 01:42:48,953 PackGen [WARNING] [33m[-] Connection Failed![0m
2022-08-25 01:42:48,953 PackGen [ERROR] [31mSending Failed![0m
2022-08-25 01:42:48,953 PackGen [WARNING] [33m[-] Connection Failed![0m
2022-08-25 01:42:48,953 PackGen [DEBUG] [35msend_packet[0m
2022-08-25 01:42:48,953 PackGen [WARNING] [33m[-] Connection Failed![0m
2022-08-25 01:42:48,953 PackGen [ERROR] [31mSending Failed![0m
2022-08-25 01:42:48,953 PackGen [WARNING] [33m[-] Connection Failed![0m
2022-08-25 01:42:48,953 PackGen [DEBUG] [35msend_packet[0m
2022-08-25 01:42:48,953 PackGen [WARNING] [33m[-] Connection Failed![0m
2022-08-25 01:42:48,953 PackGen [ERROR] [31mSending Failed![0m
2022-08-25 01:42:48,953 PackGen [WARNING] [33m[-] Connection Failed![0m
2022-08-25 01:42:48,954 PackGen [DEBUG] [35msend_packet[0m
2022-08-25 01:42:48,954 PackGen [WARNING] [33m[-] Connection Failed![0m
2022-08-25 01:42:48,954 PackGen [ERROR] [31mSending Failed![0m
2022-08-25 01:42:48,954 PackGen [WARNING] [33m[-] Connection Failed![0m
2022-08-25 01:42:48,954 PackGen [DEBUG] [35msend_packet[0m
2022-08-25 01:42:48,954 PackGen [WARNING] [33m[-] Connection Failed![0m
2022-08-25 01:42:48,954 PackGen [ERROR] [31mSending Failed![0m
2022-08-25 01:42:48,954 PackGen [WARNING] [33m[-] Connection Failed![0m
2022-08-25 01:42:48,954 PackGen [DEBUG] [35msend_packet[0m
2022-08-25 01:42:48,954 PackGen [WARNING] [33m[-] Connection Failed![0m
2022-08-25 01:42:48,954 PackGen [ERROR] [31mSending Failed![0m
2022-08-25 01:42:48,954 PackGen [WARNING] [33m[-] Connection Failed![0m
2022-08-25 01:42:48,954 PackGen [DEBUG] [35msend_packet[0m
2022-08-25 01:42:48,954 PackGen [WARNING] [33m[-] Connection Failed![0m
2022-08-25 01:42:48,954 PackGen [ERROR] [31mSending Failed![0m
2022-08-25 01:42:48,955 PackGen [WARNING] [33m[-] Connection Failed![0m
2022-08-25 01:42:48,955 PackGen [DEBUG] [35msend_packet[0m
2022-08-25 01:42:48,955 PackGen [WARNING] [33m[-] Connection Failed![0m
2022-08-25 01:42:48,955 PackGen [ERROR] [31mSending Failed![0m
2022-08-25 01:42:48,955 PackGen [WARNING] [33m[-] Connection Failed![0m
2022-08-25 01:43:40,550 PackGen [DEBUG] [35mformPacket[0m
2022-08-25 01:43:40,550 PackGen [DEBUG] [35msend_packet[0m
2022-08-25 01:43:40,550 PackGen [WARNING] [33m[-] Connection Failed![0m
2022-08-25 01:43:40,550 PackGen [ERROR] [31mSending Failed![0m
2022-08-25 01:43:40,550 PackGen [WARNING] [33m[-] Connection Failed![0m
2022-08-25 01:43:40,550 PackGen [DEBUG] [35msend_packet[0m
2022-08-25 01:43:40,551 PackGen [WARNING] [33m[-] Connection Failed![0m
2022-08-25 01:43:40,551 PackGen [ERROR] [31mSending Failed![0m
2022-08-25 01:43:40,551 PackGen [WARNING] [33m[-] Connection Failed![0m
2022-08-25 01:43:40,551 PackGen [DEBUG] [35msend_packet[0m
2022-08-25 01:43:40,551 PackGen [WARNING] [33m[-] Connection Failed![0m
2022-08-25 01:43:40,551 PackGen [ERROR] [31mSending Failed![0m
2022-08-25 01:43:40,551 PackGen [WARNING] [33m[-] Connection Failed![0m
2022-08-25 01:43:40,551 PackGen [DEBUG] [35msend_packet[0m
2022-08-25 01:43:40,551 PackGen [WARNING] [33m[-] Connection Failed![0m
2022-08-25 01:43:40,551 PackGen [ERROR] [31mSending Failed![0m
2022-08-25 01:43:40,551 PackGen [WARNING] [33m[-] Connection Failed![0m
2022-08-25 01:43:40,551 PackGen [DEBUG] [35msend_packet[0m
2022-08-25 01:43:40,551 PackGen [WARNING] [33m[-] Connection Failed![0m
2022-08-25 01:43:40,551 PackGen [ERROR] [31mSending Failed![0m
2022-08-25 01:43:40,551 PackGen [WARNING] [33m[-] Connection Failed![0m
2022-08-25 01:43:40,552 PackGen [DEBUG] [35msend_packet[0m
2022-08-25 01:43:40,552 PackGen [WARNING] [33m[-] Connection Failed![0m
2022-08-25 01:43:40,552 PackGen [ERROR] [31mSending Failed![0m
2022-08-25 01:43:40,552 PackGen [WARNING] [33m[-] Connection Failed![0m
2022-08-25 01:43:40,552 PackGen [DEBUG] [35msend_packet[0m
2022-08-25 01:43:40,552 PackGen [WARNING] [33m[-] Connection Failed![0m
2022-08-25 01:43:40,552 PackGen [ERROR] [31mSending Failed![0m
2022-08-25 01:43:40,552 PackGen [WARNING] [33m[-] Connection Failed![0m
2022-08-25 01:43:40,552 PackGen [DEBUG] [35msend_packet[0m
2022-08-25 01:43:40,552 PackGen [WARNING] [33m[-] Connection Failed![0m
2022-08-25 01:43:40,552 PackGen [ERROR] [31mSending Failed![0m
2022-08-25 01:43:40,552 PackGen [WARNING] [33m[-] Connection Failed![0m
2022-08-25 01:43:40,552 PackGen [DEBUG] [35msend_packet[0m
2022-08-25 01:43:40,552 PackGen [WARNING] [33m[-] Connection Failed![0m
2022-08-25 01:43:40,552 PackGen [ERROR] [31mSending Failed![0m
2022-08-25 01:43:40,553 PackGen [WARNING] [33m[-] Connection Failed![0m
2022-08-25 01:43:40,553 PackGen [DEBUG] [35msend_packet[0m
2022-08-25 01:43:40,553 PackGen [WARNING] [33m[-] Connection Failed![0m
2022-08-25 01:43:40,553 PackGen [ERROR] [31mSending Failed![0m
2022-08-25 01:43:40,553 PackGen [WARNING] [33m[-] Connection Failed![0m
2022-08-25 01:43:40,553 PackGen [DEBUG] [35msend_packet[0m
2022-08-25 01:43:40,553 PackGen [WARNING] [33m[-] Connection Failed![0m
2022-08-25 01:43:40,553 PackGen [ERROR] [31mSending Failed![0m
2022-08-25 01:43:40,553 PackGen [WARNING] [33m[-] Connection Failed![0m
2022-08-25 01:43:40,553 PackGen [DEBUG] [35msend_packet[0m
2022-08-25 01:43:40,553 PackGen [WARNING] [33m[-] Connection Failed![0m
2022-08-25 01:43:40,553 PackGen [ERROR] [31mSending Failed![0m
2022-08-25 01:43:40,553 PackGen [WARNING] [33m[-] Connection Failed![0m
2022-08-25 01:43:40,553 PackGen [DEBUG] [35msend_packet[0m
2022-08-25 01:43:40,553 PackGen [WARNING] [33m[-] Connection Failed![0m
2022-08-25 01:43:40,554 PackGen [ERROR] [31mSending Failed![0m
2022-08-25 01:43:40,554 PackGen [WARNING] [33m[-] Connection Failed![0m
2022-08-25 01:43:40,554 PackGen [DEBUG] [35msend_packet[0m
2022-08-25 01:43:40,554 PackGen [WARNING] [33m[-] Connection Failed![0m
2022-08-25 01:43:40,554 PackGen [ERROR] [31mSending Failed![0m
2022-08-25 01:43:40,554 PackGen [WARNING] [33m[-] Connection Failed![0m
2022-08-25 01:43:40,554 PackGen [DEBUG] [35msend_packet[0m
2022-08-25 01:43:40,554 PackGen [WARNING] [33m[-] Connection Failed![0m
2022-08-25 01:43:40,554 PackGen [ERROR] [31mSending Failed![0m
2022-08-25 01:43:40,554 PackGen [WARNING] [33m[-] Connection Failed![0m
2022-08-25 01:43:40,554 PackGen [DEBUG] [35msend_packet[0m
2022-08-25 01:43:40,554 PackGen [WARNING] [33m[-] Connection Failed![0m
2022-08-25 01:43:40,554 PackGen [ERROR] [31mSending Failed![0m
2022-08-25 01:43:40,555 PackGen [WARNING] [33m[-] Connection Failed![0m
2022-08-25 01:43:40,555 PackGen [DEBUG] [35msend_packet[0m
2022-08-25 01:43:40,555 PackGen [WARNING] [33m[-] Connection Failed![0m
2022-08-25 01:43:40,555 PackGen [ERROR] [31mSending Failed![0m
2022-08-25 01:43:40,555 PackGen [WARNING] [33m[-] Connection Failed![0m
2022-08-25 01:43:40,555 PackGen [DEBUG] [35msend_packet[0m
2022-08-25 01:43:40,555 PackGen [WARNING] [33m[-] Connection Failed![0m
2022-08-25 01:43:40,555 PackGen [ERROR] [31mSending Failed![0m
2022-08-25 01:43:40,555 PackGen [WARNING] [33m[-] Connection Failed![0m
2022-08-25 01:43:40,555 PackGen [DEBUG] [35msend_packet[0m
2022-08-25 01:43:40,555 PackGen [WARNING] [33m[-] Connection Failed![0m
2022-08-25 01:43:40,555 PackGen [ERROR] [31mSending Failed![0m
2022-08-25 01:43:40,555 PackGen [WARNING] [33m[-] Connection Failed![0m
2022-08-25 01:43:40,556 PackGen [DEBUG] [35msend_packet[0m
2022-08-25 01:43:40,556 PackGen [WARNING] [33m[-] Connection Failed![0m
2022-08-25 01:43:40,556 PackGen [ERROR] [31mSending Failed![0m
2022-08-25 01:43:40,556 PackGen [WARNING] [33m[-] Connection Failed![0m
2022-08-25 01:43:40,556 PackGen [DEBUG] [35msend_packet[0m
2022-08-25 01:43:40,556 PackGen [WARNING] [33m[-] Connection Failed![0m
2022-08-25 01:43:40,556 PackGen [ERROR] [31mSending Failed![0m
2022-08-25 01:43:40,556 PackGen [WARNING] [33m[-] Connection Failed![0m
2022-08-25 01:43:40,556 PackGen [DEBUG] [35msend_packet[0m
2022-08-25 01:43:40,556 PackGen [WARNING] [33m[-] Connection Failed![0m
2022-08-25 01:43:40,556 PackGen [ERROR] [31mSending Failed![0m
2022-08-25 01:43:40,556 PackGen [WARNING] [33m[-] Connection Failed![0m
2022-08-25 01:43:40,556 PackGen [DEBUG] [35msend_packet[0m
2022-08-25 01:43:40,557 PackGen [WARNING] [33m[-] Connection Failed![0m
2022-08-25 01:43:40,557 PackGen [ERROR] [31mSending Failed![0m
2022-08-25 01:43:40,557 PackGen [WARNING] [33m[-] Connection Failed![0m
2022-08-25 01:43:40,557 PackGen [DEBUG] [35msend_packet[0m
2022-08-25 01:43:40,557 PackGen [WARNING] [33m[-] Connection Failed![0m
2022-08-25 01:43:40,557 PackGen [ERROR] [31mSending Failed![0m
2022-08-25 01:43:40,557 PackGen [WARNING] [33m[-] Connection Failed![0m
2022-08-25 01:43:40,557 PackGen [DEBUG] [35msend_packet[0m
2022-08-25 01:43:40,557 PackGen [WARNING] [33m[-] Connection Failed![0m
2022-08-25 01:43:40,557 PackGen [ERROR] [31mSending Failed![0m
2022-08-25 01:43:40,557 PackGen [WARNING] [33m[-] Connection Failed![0m
2022-08-25 01:43:40,557 PackGen [DEBUG] [35msend_packet[0m
2022-08-25 01:43:40,557 PackGen [WARNING] [33m[-] Connection Failed![0m
2022-08-25 01:43:40,557 PackGen [ERROR] [31mSending Failed![0m
2022-08-25 01:43:40,557 PackGen [WARNING] [33m[-] Connection Failed![0m
2022-08-25 01:43:40,558 PackGen [DEBUG] [35msend_packet[0m
2022-08-25 01:43:40,558 PackGen [WARNING] [33m[-] Connection Failed![0m
2022-08-25 01:43:40,558 PackGen [ERROR] [31mSending Failed![0m
2022-08-25 01:43:40,558 PackGen [WARNING] [33m[-] Connection Failed![0m
2022-08-25 01:43:40,558 PackGen [DEBUG] [35msend_packet[0m
2022-08-25 01:43:40,558 PackGen [WARNING] [33m[-] Connection Failed![0m
2022-08-25 01:43:40,558 PackGen [ERROR] [31mSending Failed![0m
2022-08-25 01:43:40,558 PackGen [WARNING] [33m[-] Connection Failed![0m
2022-08-25 01:43:40,558 PackGen [DEBUG] [35msend_packet[0m
2022-08-25 01:43:40,558 PackGen [WARNING] [33m[-] Connection Failed![0m
2022-08-25 01:43:40,558 PackGen [ERROR] [31mSending Failed![0m
2022-08-25 01:43:40,558 PackGen [WARNING] [33m[-] Connection Failed![0m
2022-08-25 01:43:40,559 PackGen [DEBUG] [35msend_packet[0m
2022-08-25 01:43:40,559 PackGen [WARNING] [33m[-] Connection Failed![0m
2022-08-25 01:43:40,559 PackGen [ERROR] [31mSending Failed![0m
2022-08-25 01:43:40,559 PackGen [WARNING] [33m[-] Connection Failed![0m
2022-08-25 01:43:40,559 PackGen [DEBUG] [35msend_packet[0m
2022-08-25 01:43:40,559 PackGen [WARNING] [33m[-] Connection Failed![0m
2022-08-25 01:43:40,559 PackGen [ERROR] [31mSending Failed![0m
2022-08-25 01:43:40,559 PackGen [WARNING] [33m[-] Connection Failed![0m
2022-08-25 01:43:40,559 PackGen [DEBUG] [35msend_packet[0m
2022-08-25 01:43:40,559 PackGen [WARNING] [33m[-] Connection Failed![0m
2022-08-25 01:43:40,559 PackGen [ERROR] [31mSending Failed![0m
2022-08-25 01:43:40,559 PackGen [WARNING] [33m[-] Connection Failed![0m
2022-08-25 01:43:40,559 PackGen [DEBUG] [35msend_packet[0m
2022-08-25 01:43:40,559 PackGen [WARNING] [33m[-] Connection Failed![0m
2022-08-25 01:43:40,560 PackGen [ERROR] [31mSending Failed![0m
2022-08-25 01:43:40,560 PackGen [WARNING] [33m[-] Connection Failed![0m
2022-08-25 01:43:40,560 PackGen [DEBUG] [35msend_packet[0m
2022-08-25 01:43:40,560 PackGen [WARNING] [33m[-] Connection Failed![0m
2022-08-25 01:43:40,560 PackGen [ERROR] [31mSending Failed![0m
2022-08-25 01:43:40,560 PackGen [WARNING] [33m[-] Connection Failed![0m
2022-08-25 01:43:40,560 PackGen [DEBUG] [35msend_packet[0m
2022-08-25 01:43:40,560 PackGen [WARNING] [33m[-] Connection Failed![0m
2022-08-25 01:43:40,560 PackGen [ERROR] [31mSending Failed![0m
2022-08-25 01:43:40,560 PackGen [WARNING] [33m[-] Connection Failed![0m
2022-08-25 01:43:40,560 PackGen [DEBUG] [35msend_packet[0m
2022-08-25 01:43:40,560 PackGen [WARNING] [33m[-] Connection Failed![0m
2022-08-25 01:43:40,560 PackGen [ERROR] [31mSending Failed![0m
2022-08-25 01:43:40,560 PackGen [WARNING] [33m[-] Connection Failed![0m
2022-08-25 01:43:40,560 PackGen [DEBUG] [35msend_packet[0m
2022-08-25 01:43:40,561 PackGen [WARNING] [33m[-] Connection Failed![0m
2022-08-25 01:43:40,561 PackGen [ERROR] [31mSending Failed![0m
2022-08-25 01:43:40,561 PackGen [WARNING] [33m[-] Connection Failed![0m
2022-08-25 01:43:40,561 PackGen [DEBUG] [35msend_packet[0m
2022-08-25 01:43:40,561 PackGen [WARNING] [33m[-] Connection Failed![0m
2022-08-25 01:43:40,561 PackGen [ERROR] [31mSending Failed![0m
2022-08-25 01:43:40,561 PackGen [WARNING] [33m[-] Connection Failed![0m
2022-08-25 01:43:40,561 PackGen [DEBUG] [35msend_packet[0m
2022-08-25 01:43:40,561 PackGen [WARNING] [33m[-] Connection Failed![0m
2022-08-25 01:43:40,561 PackGen [ERROR] [31mSending Failed![0m
2022-08-25 01:43:40,561 PackGen [WARNING] [33m[-] Connection Failed![0m
2022-08-25 01:43:40,561 PackGen [DEBUG] [35msend_packet[0m
2022-08-25 01:43:40,562 PackGen [WARNING] [33m[-] Connection Failed![0m
2022-08-25 01:43:40,562 PackGen [ERROR] [31mSending Failed![0m
2022-08-25 01:43:40,562 PackGen [WARNING] [33m[-] Connection Failed![0m
2022-08-25 01:43:40,562 PackGen [DEBUG] [35msend_packet[0m
2022-08-25 01:43:40,562 PackGen [WARNING] [33m[-] Connection Failed![0m
2022-08-25 01:43:40,562 PackGen [ERROR] [31mSending Failed![0m
2022-08-25 01:43:40,562 PackGen [WARNING] [33m[-] Connection Failed![0m
2022-08-25 01:43:40,562 PackGen [DEBUG] [35msend_packet[0m
2022-08-25 01:43:40,562 PackGen [WARNING] [33m[-] Connection Failed![0m
2022-08-25 01:43:40,562 PackGen [ERROR] [31mSending Failed![0m
2022-08-25 01:43:40,562 PackGen [WARNING] [33m[-] Connection Failed![0m
2022-08-25 01:43:40,562 PackGen [DEBUG] [35msend_packet[0m
2022-08-25 01:43:40,562 PackGen [WARNING] [33m[-] Connection Failed![0m
2022-08-25 01:43:40,562 PackGen [ERROR] [31mSending Failed![0m
2022-08-25 01:43:40,562 PackGen [WARNING] [33m[-] Connection Failed![0m
2022-08-25 01:43:40,563 PackGen [DEBUG] [35msend_packet[0m
2022-08-25 01:43:40,563 PackGen [WARNING] [33m[-] Connection Failed![0m
2022-08-25 01:43:40,563 PackGen [ERROR] [31mSending Failed![0m
2022-08-25 01:43:40,563 PackGen [WARNING] [33m[-] Connection Failed![0m
2022-08-25 01:43:40,563 PackGen [DEBUG] [35msend_packet[0m
2022-08-25 01:43:40,563 PackGen [WARNING] [33m[-] Connection Failed![0m
2022-08-25 01:43:40,563 PackGen [ERROR] [31mSending Failed![0m
2022-08-25 01:43:40,563 PackGen [WARNING] [33m[-] Connection Failed![0m
2022-08-25 01:43:40,563 PackGen [DEBUG] [35msend_packet[0m
2022-08-25 01:43:40,563 PackGen [WARNING] [33m[-] Connection Failed![0m
2022-08-25 01:43:40,563 PackGen [ERROR] [31mSending Failed![0m
2022-08-25 01:43:40,563 PackGen [WARNING] [33m[-] Connection Failed![0m
2022-08-25 01:43:40,563 PackGen [DEBUG] [35msend_packet[0m
2022-08-25 01:43:40,564 PackGen [WARNING] [33m[-] Connection Failed![0m
2022-08-25 01:43:40,564 PackGen [ERROR] [31mSending Failed![0m
2022-08-25 01:43:40,564 PackGen [WARNING] [33m[-] Connection Failed![0m
2022-08-25 01:43:40,564 PackGen [DEBUG] [35msend_packet[0m
2022-08-25 01:43:40,564 PackGen [WARNING] [33m[-] Connection Failed![0m
2022-08-25 01:43:40,564 PackGen [ERROR] [31mSending Failed![0m
2022-08-25 01:43:40,564 PackGen [WARNING] [33m[-] Connection Failed![0m
2022-08-25 01:43:40,564 PackGen [DEBUG] [35msend_packet[0m
2022-08-25 01:43:40,564 PackGen [WARNING] [33m[-] Connection Failed![0m
2022-08-25 01:43:40,564 PackGen [ERROR] [31mSending Failed![0m
2022-08-25 01:43:40,564 PackGen [WARNING] [33m[-] Connection Failed![0m
2022-08-25 01:43:40,564 PackGen [DEBUG] [35msend_packet[0m
2022-08-25 01:43:40,564 PackGen [WARNING] [33m[-] Connection Failed![0m
2022-08-25 01:43:40,564 PackGen [ERROR] [31mSending Failed![0m
2022-08-25 01:43:40,564 PackGen [WARNING] [33m[-] Connection Failed![0m
2022-08-25 01:45:03,021 PackGen [DEBUG] [35mformPacket[0m
2022-08-25 01:45:03,021 PackGen [DEBUG] [35msend_packet[0m
2022-08-25 01:45:03,022 PackGen [INFO] [32m[+] Connected to Server: 127.0.0.1[0m
2022-08-25 01:45:03,022 PackGen [DEBUG] [35m[+] Sent Packet: 7A 18 00 00 00 05 00 00 00 00 00 00  z...........[0m
2022-08-25 01:45:03,023 PackGen [DEBUG] [35msend_packet[0m
2022-08-25 01:45:03,023 PackGen [INFO] [32m[+] Connected to Server: 127.0.0.1[0m
2022-08-25 01:45:03,023 PackGen [DEBUG] [35m[+] Sent Packet: 7A 18 00 00 00 05 00 00 00 00 00 00  z...........[0m
2022-08-25 01:45:03,024 PackGen [DEBUG] [35msend_packet[0m
2022-08-25 01:45:03,025 PackGen [INFO] [32m[+] Connected to Server: 127.0.0.1[0m
2022-08-25 01:45:03,025 PackGen [DEBUG] [35m[+] Sent Packet: 69 27 00 00 00 05 00 00 00 00 00 00  i'..........[0m
2022-08-25 01:45:03,026 PackGen [DEBUG] [35msend_packet[0m
2022-08-25 01:45:03,026 PackGen [INFO] [32m[+] Connected to Server: 127.0.0.1[0m
2022-08-25 01:45:03,026 PackGen [DEBUG] [35m[+] Sent Packet: 69 27 00 00 00 05 00 00 00 00 00 00  i'..........[0m
2022-08-25 01:45:03,027 PackGen [DEBUG] [35msend_packet[0m
2022-08-25 01:45:03,027 PackGen [INFO] [32m[+] Connected to Server: 127.0.0.1[0m
2022-08-25 01:45:03,027 PackGen [DEBUG] [35m[+] Sent Packet: 69 07 00 00 00 05 00 00 00 00 00 00  i...........[0m
2022-08-25 01:45:03,029 PackGen [DEBUG] [35msend_packet[0m
2022-08-25 01:45:03,029 PackGen [INFO] [32m[+] Connected to Server: 127.0.0.1[0m
2022-08-25 01:45:03,030 PackGen [DEBUG] [35m[+] Sent Packet: 69 07 00 00 00 05 00 00 00 00 00 00  i...........[0m
2022-08-25 01:45:03,031 PackGen [DEBUG] [35msend_packet[0m
2022-08-25 01:45:03,031 PackGen [INFO] [32m[+] Connected to Server: 127.0.0.1[0m
2022-08-25 01:45:03,031 PackGen [DEBUG] [35m[+] Sent Packet: 01 EB 00 00 00 1D 00 00 00 00 00 00  ............[0m
