2022-08-24 18:41:39,060 r0fuzz [DEBUG] [35m[+] Fuzzing modbus protocol[0m
2022-08-24 18:42:06,051 r0fuzz [DEBUG] [35m[+] Fuzzing modbus protocol[0m
2022-08-24 18:43:44,953 r0fuzz [DEBUG] [35m[+] Fuzzing modbus protocol[0m
2022-08-24 18:43:44,954 r0fuzz [DEBUG] [35m[+] The input file is at /home/abhishek/Desktop/R0fuzz/sample/ics.pcapng[0m
2022-08-24 18:46:08,434 r0fuzz [DEBUG] [35m[+] Fuzzing modbus protocol[0m
2022-08-24 18:46:08,434 r0fuzz [DEBUG] [35m[+] The input file is at /home/abhishek/Desktop/R0fuzz/sample/ics.pcapng[0m
2022-08-24 18:48:12,378 r0fuzz [DEBUG] [35m[+] Fuzzing modbus protocol[0m
2022-08-24 18:48:12,379 r0fuzz [DEBUG] [35m[+] The input file is at /home/abhishek/Desktop/R0fuzz/sample/ics.pcapng[0m
2022-08-24 18:52:29,216 r0fuzz [DEBUG] [35m[+] Fuzzing modbus protocol[0m
2022-08-24 18:52:29,216 r0fuzz [DEBUG] [35m[+] The input file is at /home/abhishek/Desktop/R0fuzz/sample/ics.pcapng[0m
2022-08-24 18:56:01,176 r0fuzz [DEBUG] [35m[+] Fuzzing modbus protocol[0m
2022-08-24 18:59:11,905 r0fuzz [DEBUG] [35m[+] Fuzzing modbus protocol[0m
2022-08-24 18:59:39,708 r0fuzz [DEBUG] [35m[+] Fuzzing modbus protocol[0m
2022-08-24 18:59:58,352 r0fuzz [DEBUG] [35m[+] Fuzzing modbus protocol[0m
2022-08-25 01:40:10,836 r0fuzz [DEBUG] [35m[+] Fuzzing modbus protocol[0m
2022-08-25 01:41:00,406 r0fuzz [DEBUG] [35m[+] Fuzzing modbus protocol[0m
2022-08-25 01:41:00,407 r0fuzz [DEBUG] [35m[+] The input file is at /home/abhishek/Desktop/R0fuzz/sample/ics.pcapng[0m
2022-08-25 01:42:02,442 r0fuzz [DEBUG] [35m[+] Fuzzing modbus protocol[0m
2022-08-25 01:42:02,442 r0fuzz [DEBUG] [35m[+] The input file is at /home/abhishek/Desktop/R0fuzz/sample/ics.pcapng[0m
2022-08-25 01:42:55,159 r0fuzz [DEBUG] [35m[+] Fuzzing modbus protocol[0m
2022-08-25 01:42:55,160 r0fuzz [DEBUG] [35m[+] The input file is at /home/abhishek/Desktop/R0fuzz/sample/ics.pcapng[0m
2022-08-25 01:44:16,481 r0fuzz [DEBUG] [35m[+] Fuzzing modbus protocol[0m
2022-08-25 01:44:16,481 r0fuzz [DEBUG] [35m[+] The input file is at /home/abhishek/Desktop/R0fuzz/sample/ics.pcapng[0m
2022-08-25 18:18:22,435 r0fuzz [DEBUG] [35m[+] Fuzzing modbus protocol[0m
2022-08-25 18:20:36,705 r0fuzz [DEBUG] [35m[+] Fuzzing modbus protocol[0m
2022-08-26 12:21:20,817 r0fuzz [DEBUG] [35m[+] Fuzzing modbus protocol[0m
2022-08-26 12:21:20,817 r0fuzz [DEBUG] [35m[+] The input file is at /home/abhishek/Desktop/Dripfuzz/sample/ics.pcapng[0m
2022-08-26 12:23:54,235 r0fuzz [DEBUG] [35m[+] Fuzzing modbus protocol[0m
2022-08-26 12:23:54,236 r0fuzz [DEBUG] [35m[+] The input file is at /home/abhishek/Desktop/Dripfuzz/sample/ics.pcapng[0m
2022-08-26 12:26:30,931 r0fuzz [DEBUG] [35m[+] Fuzzing modbus protocol[0m
2022-08-26 12:26:30,932 r0fuzz [DEBUG] [35m[+] The input file is at /home/abhishek/Desktop/Dripfuzz/sample/ics.pcapng[0m
2022-08-26 12:28:13,367 r0fuzz [DEBUG] [35m[+] Fuzzing modbus protocol[0m
2022-08-26 12:28:13,368 r0fuzz [DEBUG] [35m[+] The input file is at /home/abhishek/Desktop/Dripfuzz/sample/ics.pcapng[0m
2022-08-26 12:32:11,662 r0fuzz [DEBUG] [35m[+] Fuzzing modbus protocol[0m
2022-08-26 12:32:11,664 r0fuzz [ERROR] [31m[-] The seed file is not found at /home/abhishek/Desktop/Dripfuzz/sample/ics.pcapng/[0m
2022-08-26 12:32:11,665 r0fuzz [CRITICAL] [31m[+] Dripfuzz failed to init[0m
2022-08-26 12:32:23,390 r0fuzz [DEBUG] [35m[+] Fuzzing modbus protocol[0m
2022-08-26 12:32:23,392 r0fuzz [DEBUG] [35m[+] The input file is at /home/abhishek/Desktop/Dripfuzz/sample/ics.pcapng[0m
2022-08-26 12:32:59,420 r0fuzz [DEBUG] [35m[+] Fuzzing modbus protocol[0m
2022-08-26 12:32:59,433 r0fuzz [DEBUG] [35m[+] The input file is at /home/abhishek/Desktop/Dripfuzz/sample/ics.pcapng[0m
2022-08-26 12:37:11,006 r0fuzz [DEBUG] [35m[+] Fuzzing modbus protocol[0m
2022-08-26 12:37:11,507 r0fuzz [DEBUG] [35m[+] The input file is at /home/abhishek/Desktop/Dripfuzz/sample/ics.pcapng[0m
2022-08-26 12:38:57,202 r0fuzz [DEBUG] [35m[+] Fuzzing modbus protocol[0m
2022-08-26 12:38:57,202 r0fuzz [DEBUG] [35m[+] The input file is at /home/abhishek/Desktop/Dripfuzz/sample/ics.pcapng[0m
2022-08-26 13:23:53,453 r0fuzz [DEBUG] [35m[+] Fuzzing modbus protocol[0m
2022-08-26 13:23:53,467 r0fuzz [DEBUG] [35m[+] The input file is at /home/abhishek/Desktop/Dripfuzz/sample/ics.pcapng[0m
2022-08-26 13:28:17,464 r0fuzz [DEBUG] [35m[+] Fuzzing modbus protocol[0m
2022-08-26 13:28:17,465 r0fuzz [DEBUG] [35m[+] The input file is at /home/abhishek/Desktop/Dripfuzz/sample/ics.pcapng[0m
2022-08-26 13:30:14,844 r0fuzz [DEBUG] [35m[+] Fuzzing modbus protocol[0m
2022-08-26 13:30:14,844 r0fuzz [DEBUG] [35m[+] The input file is at /home/abhishek/Desktop/Dripfuzz/sample/ics.pcapng[0m
2022-08-26 13:42:26,979 r0fuzz [DEBUG] [35m[+] Fuzzing modbus protocol[0m
2022-08-26 13:42:26,980 r0fuzz [DEBUG] [35m[+] The input file is at /home/abhishek/Desktop/Dripfuzz/sample/ics.pcapng[0m
2022-08-26 13:46:34,527 r0fuzz [DEBUG] [35m[+] Fuzzing modbus protocol[0m
2022-08-26 13:46:34,527 r0fuzz [DEBUG] [35m[+] The input file is at /home/abhishek/Desktop/Dripfuzz/sample/ics.pcapng[0m
2022-08-26 14:00:12,821 r0fuzz [DEBUG] [35m[+] Fuzzing modbus protocol[0m
2022-08-26 14:00:12,822 r0fuzz [DEBUG] [35m[+] The input file is at /home/abhishek/Desktop/Dripfuzz/sample/ics.pcapng[0m
